ERROR wikimedia.py:2032:bread type <class 'str'>
ERROR wikimedia.py:2032:curlicue type <class 'str'>
ERROR wikimedia.py:2032:curlicue type <class 'str'>
ERROR wikimedia.py:2032:bread type <class 'str'>
ERROR wikimedia.py:2067:no pos_div for POS.NOUN
ERROR wikimedia.py:2067:no pos_div for POS.ADJ
ERROR wikimedia.py:2067:no pos_div for POS.PREP
ERROR wikimedia.py:2067:no pos_div for POS.ADV
ERROR wikimedia.py:2067:no pos_div for POS.PHRASE
ERROR wikimedia.py:2032:bread type <class 'str'>
ERROR wikimedia.py:2032:cow type <class 'str'>
ERROR wikimedia.py:2067:no pos_div for POS.NOUN
ERROR wikimedia.py:2067:no pos_div for POS.ADJ
ERROR wikimedia.py:2067:no pos_div for POS.VERB
ERROR wikimedia.py:2067:no pos_div for POS.PREP
ERROR wikimedia.py:2067:no pos_div for POS.ADV
ERROR wikimedia.py:2067:no pos_div for POS.PHRASE
ERROR wikimedia.py:2032:cow type <class 'str'>
ERROR wikimedia.py:2032:hurricane type <class 'str'>
ERROR wikimedia.py:2067:no pos_div for POS.ADJ
ERROR wikimedia.py:2067:no pos_div for POS.VERB
ERROR wikimedia.py:2067:no pos_div for POS.PREP
ERROR wikimedia.py:2067:no pos_div for POS.ADV
ERROR wikimedia.py:2067:no pos_div for POS.PHRASE
ERROR wikimedia.py:2032:hurricane type <class 'str'>
ERROR wikimedia.py:2032:parijat type <class 'str'>
ERROR wikimedia.py:2067:no pos_div for POS.ADJ
ERROR wikimedia.py:2067:no pos_div for POS.VERB
ERROR wikimedia.py:2067:no pos_div for POS.PREP
ERROR wikimedia.py:2067:no pos_div for POS.ADV
ERROR wikimedia.py:2067:no pos_div for POS.PHRASE
ERROR wikimedia.py:2032:parijat type <class 'str'>
ERROR wikimedia.py:2032:lemon verbena type <class 'str'>
ERROR wikimedia.py:2067:no pos_div for POS.ADJ
ERROR wikimedia.py:2067:no pos_div for POS.VERB
ERROR wikimedia.py:2067:no pos_div for POS.PREP
ERROR wikimedia.py:2067:no pos_div for POS.ADV
ERROR wikimedia.py:2067:no pos_div for POS.PHRASE
ERROR wikimedia.py:2032:lemon verbena type <class 'str'>
ERROR wikimedia.py:2032:curlicue type <class 'str'>
ERROR wikimedia.py:2032:bread type <class 'str'>
ERROR wikimedia.py:2032:curlicue type <class 'str'>
ERROR wikimedia.py:2032:curlicue type <class 'str'>
ERROR wikimedia.py:2032:bread type <class 'str'>
ERROR wikimedia.py:2067:no pos_div for POS.NOUN
ERROR wikimedia.py:2067:no pos_div for POS.ADJ
ERROR wikimedia.py:2067:no pos_div for POS.PREP
ERROR wikimedia.py:2067:no pos_div for POS.ADV
ERROR wikimedia.py:2067:no pos_div for POS.PHRASE
ERROR wikimedia.py:2032:bread type <class 'str'>
ERROR wikimedia.py:2032:cow type <class 'str'>
ERROR wikimedia.py:2067:no pos_div for POS.NOUN
ERROR wikimedia.py:2067:no pos_div for POS.ADJ
ERROR wikimedia.py:2067:no pos_div for POS.VERB
ERROR wikimedia.py:2067:no pos_div for POS.PREP
ERROR wikimedia.py:2067:no pos_div for POS.ADV
ERROR wikimedia.py:2067:no pos_div for POS.PHRASE
ERROR wikimedia.py:2032:cow type <class 'str'>
ERROR wikimedia.py:2032:hurricane type <class 'str'>
ERROR wikimedia.py:2067:no pos_div for POS.ADJ
ERROR wikimedia.py:2067:no pos_div for POS.VERB
ERROR wikimedia.py:2067:no pos_div for POS.PREP
ERROR wikimedia.py:2067:no pos_div for POS.ADV
ERROR wikimedia.py:2067:no pos_div for POS.PHRASE
ERROR wikimedia.py:2032:hurricane type <class 'str'>
ERROR wikimedia.py:2032:parijat type <class 'str'>
ERROR wikimedia.py:2067:no pos_div for POS.ADJ
ERROR wikimedia.py:2067:no pos_div for POS.VERB
ERROR wikimedia.py:2067:no pos_div for POS.PREP
ERROR wikimedia.py:2067:no pos_div for POS.ADV
ERROR wikimedia.py:2067:no pos_div for POS.PHRASE
ERROR wikimedia.py:2032:parijat type <class 'str'>
ERROR wikimedia.py:2032:lemon verbena type <class 'str'>
ERROR wikimedia.py:2067:no pos_div for POS.ADJ
ERROR wikimedia.py:2067:no pos_div for POS.VERB
ERROR wikimedia.py:2067:no pos_div for POS.PREP
ERROR wikimedia.py:2067:no pos_div for POS.ADV
ERROR wikimedia.py:2067:no pos_div for POS.PHRASE
ERROR wikimedia.py:2032:lemon verbena type <class 'str'>
ERROR wikimedia.py:2032:curlicue type <class 'str'>
ERROR wikimedia.py:2032:bread type <class 'str'>
ERROR wikimedia.py:2032:curlicue type <class 'str'>
ERROR wikimedia.py:2032:curlicue type <class 'str'>
ERROR wikimedia.py:2032:bread type <class 'str'>
ERROR wikimedia.py:2067:no pos_div for POS.NOUN
ERROR wikimedia.py:2067:no pos_div for POS.ADJ
ERROR wikimedia.py:2067:no pos_div for POS.PREP
ERROR wikimedia.py:2067:no pos_div for POS.ADV
ERROR wikimedia.py:2067:no pos_div for POS.PHRASE
ERROR wikimedia.py:2032:bread type <class 'str'>
ERROR wikimedia.py:2032:cow type <class 'str'>
ERROR wikimedia.py:2067:no pos_div for POS.NOUN
ERROR wikimedia.py:2067:no pos_div for POS.ADJ
ERROR wikimedia.py:2067:no pos_div for POS.VERB
ERROR wikimedia.py:2067:no pos_div for POS.PREP
ERROR wikimedia.py:2067:no pos_div for POS.ADV
ERROR wikimedia.py:2067:no pos_div for POS.PHRASE
ERROR wikimedia.py:2032:cow type <class 'str'>
ERROR wikimedia.py:2032:hurricane type <class 'str'>
ERROR wikimedia.py:2067:no pos_div for POS.ADJ
ERROR wikimedia.py:2067:no pos_div for POS.VERB
ERROR wikimedia.py:2067:no pos_div for POS.PREP
ERROR wikimedia.py:2067:no pos_div for POS.ADV
ERROR wikimedia.py:2067:no pos_div for POS.PHRASE
ERROR wikimedia.py:2032:hurricane type <class 'str'>
ERROR wikimedia.py:2032:parijat type <class 'str'>
ERROR wikimedia.py:2067:no pos_div for POS.ADJ
ERROR wikimedia.py:2067:no pos_div for POS.VERB
ERROR wikimedia.py:2067:no pos_div for POS.PREP
ERROR wikimedia.py:2067:no pos_div for POS.ADV
ERROR wikimedia.py:2067:no pos_div for POS.PHRASE
ERROR wikimedia.py:2032:parijat type <class 'str'>
ERROR wikimedia.py:2032:lemon verbena type <class 'str'>
ERROR wikimedia.py:2067:no pos_div for POS.ADJ
ERROR wikimedia.py:2067:no pos_div for POS.VERB
ERROR wikimedia.py:2067:no pos_div for POS.PREP
ERROR wikimedia.py:2067:no pos_div for POS.ADV
ERROR wikimedia.py:2067:no pos_div for POS.PHRASE
ERROR wikimedia.py:2032:lemon verbena type <class 'str'>
ERROR wikimedia.py:2032:curlicue type <class 'str'>
ERROR wikimedia.py:2032:bread type <class 'str'>
ERROR wikimedia.py:2032:curlicue type <class 'str'>
ERROR wikimedia.py:2032:curlicue type <class 'str'>
ERROR wikimedia.py:2032:bread type <class 'str'>
ERROR wikimedia.py:2067:no pos_div for POS.NOUN
ERROR wikimedia.py:2067:no pos_div for POS.ADJ
ERROR wikimedia.py:2067:no pos_div for POS.PREP
ERROR wikimedia.py:2067:no pos_div for POS.ADV
ERROR wikimedia.py:2067:no pos_div for POS.PHRASE
ERROR wikimedia.py:2032:bread type <class 'str'>
ERROR wikimedia.py:2032:cow type <class 'str'>
ERROR wikimedia.py:2067:no pos_div for POS.NOUN
ERROR wikimedia.py:2067:no pos_div for POS.ADJ
ERROR wikimedia.py:2067:no pos_div for POS.VERB
ERROR wikimedia.py:2067:no pos_div for POS.PREP
ERROR wikimedia.py:2067:no pos_div for POS.ADV
ERROR wikimedia.py:2067:no pos_div for POS.PHRASE
ERROR wikimedia.py:2032:cow type <class 'str'>
ERROR wikimedia.py:2032:hurricane type <class 'str'>
ERROR wikimedia.py:2067:no pos_div for POS.ADJ
ERROR wikimedia.py:2067:no pos_div for POS.VERB
ERROR wikimedia.py:2067:no pos_div for POS.PREP
ERROR wikimedia.py:2067:no pos_div for POS.ADV
ERROR wikimedia.py:2067:no pos_div for POS.PHRASE
ERROR wikimedia.py:2032:hurricane type <class 'str'>
ERROR wikimedia.py:2032:parijat type <class 'str'>
ERROR wikimedia.py:2067:no pos_div for POS.ADJ
ERROR wikimedia.py:2067:no pos_div for POS.VERB
ERROR wikimedia.py:2067:no pos_div for POS.PREP
ERROR wikimedia.py:2067:no pos_div for POS.ADV
ERROR wikimedia.py:2067:no pos_div for POS.PHRASE
ERROR wikimedia.py:2032:parijat type <class 'str'>
ERROR wikimedia.py:2032:lemon verbena type <class 'str'>
ERROR wikimedia.py:2067:no pos_div for POS.ADJ
ERROR wikimedia.py:2067:no pos_div for POS.VERB
ERROR wikimedia.py:2067:no pos_div for POS.PREP
ERROR wikimedia.py:2067:no pos_div for POS.ADV
ERROR wikimedia.py:2067:no pos_div for POS.PHRASE
ERROR wikimedia.py:2032:lemon verbena type <class 'str'>
ERROR wikimedia.py:2032:curlicue type <class 'str'>
ERROR wikimedia.py:2032:bread type <class 'str'>
ERROR wikimedia.py:2032:curlicue type <class 'str'>
ERROR wikimedia.py:2032:curlicue type <class 'str'>
ERROR wikimedia.py:2032:bread type <class 'str'>
ERROR wikimedia.py:2067:no pos_div for POS.NOUN
ERROR wikimedia.py:2067:no pos_div for POS.ADJ
ERROR wikimedia.py:2067:no pos_div for POS.PREP
ERROR wikimedia.py:2067:no pos_div for POS.ADV
ERROR wikimedia.py:2067:no pos_div for POS.PHRASE
ERROR wikimedia.py:2032:bread type <class 'str'>
ERROR wikimedia.py:2032:cow type <class 'str'>
ERROR wikimedia.py:2067:no pos_div for POS.NOUN
ERROR wikimedia.py:2067:no pos_div for POS.ADJ
ERROR wikimedia.py:2067:no pos_div for POS.VERB
ERROR wikimedia.py:2067:no pos_div for POS.PREP
ERROR wikimedia.py:2067:no pos_div for POS.ADV
ERROR wikimedia.py:2067:no pos_div for POS.PHRASE
ERROR wikimedia.py:2032:cow type <class 'str'>
ERROR wikimedia.py:2032:hurricane type <class 'str'>
ERROR wikimedia.py:2067:no pos_div for POS.ADJ
ERROR wikimedia.py:2067:no pos_div for POS.VERB
ERROR wikimedia.py:2067:no pos_div for POS.PREP
ERROR wikimedia.py:2067:no pos_div for POS.ADV
ERROR wikimedia.py:2067:no pos_div for POS.PHRASE
ERROR wikimedia.py:2032:hurricane type <class 'str'>
ERROR wikimedia.py:2032:parijat type <class 'str'>
ERROR wikimedia.py:2067:no pos_div for POS.ADJ
ERROR wikimedia.py:2067:no pos_div for POS.VERB
ERROR wikimedia.py:2067:no pos_div for POS.PREP
ERROR wikimedia.py:2067:no pos_div for POS.ADV
ERROR wikimedia.py:2067:no pos_div for POS.PHRASE
ERROR wikimedia.py:2032:parijat type <class 'str'>
ERROR wikimedia.py:2032:lemon verbena type <class 'str'>
ERROR wikimedia.py:2067:no pos_div for POS.ADJ
ERROR wikimedia.py:2067:no pos_div for POS.VERB
ERROR wikimedia.py:2067:no pos_div for POS.PREP
ERROR wikimedia.py:2067:no pos_div for POS.ADV
ERROR wikimedia.py:2067:no pos_div for POS.PHRASE
ERROR wikimedia.py:2032:lemon verbena type <class 'str'>
ERROR wikimedia.py:2032:curlicue type <class 'str'>
ERROR markup_ipcc_chapters_with_keywords.py:377:Error annotating HTML file test/resources/ipcc/cleaned_content/wg1/Chapter01/html_with_ids.html: 'lxml.etree._ElementUnicodeResult' object has no attribute 'text'
ERROR ami_corpus.py:119:Container has no file
ERROR ami_corpus.py:107:self.infiles is None
ERROR ami_corpus.py:119:Container has no file
ERROR ami_corpus.py:107:self.infiles is None
ERROR ami_corpus.py:107:self.infiles is None
ERROR ami_corpus.py:107:self.infiles is None
ERROR test_bib.py:376:Exec Not implemented
ERROR test_bib.py:379:FAQ Not implemented
ERROR test_bib.py:382:Ref Not implemented
ERROR ami_corpus.py:107:self.infiles is None
ERROR ami_corpus.py:107:self.infiles is None
ERROR test_bib.py:1577:cannot parse /Users/pm286/workspace/amilib/test/resources/jats/amoc/PMC11441558/fulltext.xml; error Document is empty, line 1, column 1 (fulltext.xml, line 1)
ERROR test_bib.py:1577:cannot parse /Users/pm286/workspace/amilib/test/resources/jats/amoc/PMC10853552/fulltext.xml; error Space required after 'PUBLIC', line 1, column 25 (fulltext.xml, line 1)
ERROR dict_args.py:414:vallidate_dict requires existing dictionary; no validation
ERROR dict_args.py:414:vallidate_dict requires existing dictionary; no validation
ERROR test_dict.py:1756:no title given for dictionary
ERROR test_dict.py:1907:404 cannot find https://api.github.com/repos/petermr/amilib/tree/pmr_aug/test/chapter11
ERROR ami_html.py:1516:file does not exist /Users/pm286/workspace/amilib/test/resources/ar6/wg2/stripped_toplevel.html
ERROR ami_html.py:1516:file does not exist /Users/pm286/workspace/amilib/test/resources/ar6/wg2/stripped_toplevel.html
ERROR ami_html.py:1516:file does not exist /Users/pm286/workspace/amilib/test/resources/ar6/wg3/stripped_toplevel.html
ERROR ami_html.py:1516:file does not exist /Users/pm286/workspace/amilib/test/resources/ar6/wg3/stripped_toplevel.html
ERROR ami_html.py:1516:file does not exist /Users/pm286/workspace/amilib/temp/ipcc/wg1/stripped_toplevel.html
ERROR ami_html.py:1516:file does not exist /Users/pm286/workspace/amilib/temp/ipcc/wg1/stripped_toplevel.html
ERROR ami_html.py:1516:file does not exist /Users/pm286/workspace/amilib/temp/ipcc/wg2/stripped_toplevel.html
ERROR ami_html.py:1516:file does not exist /Users/pm286/workspace/amilib/temp/ipcc/wg2/stripped_toplevel.html
ERROR ami_html.py:1516:file does not exist /Users/pm286/workspace/amilib/temp/ipcc/wg3/stripped_toplevel.html
ERROR ami_html.py:1516:file does not exist /Users/pm286/workspace/amilib/temp/ipcc/wg3/stripped_toplevel.html
ERROR ami_html.py:1516:file does not exist /Users/pm286/workspace/amilib/test/resources/ar6/wg2/edited_toplevel.html
ERROR ami_html.py:1516:file does not exist /Users/pm286/workspace/amilib/test/resources/ar6/wg2/edited_toplevel.html
ERROR ami_html.py:1516:file does not exist /Users/pm286/workspace/amilib/test/resources/ar6/wg3/edited_toplevel.html
ERROR ami_html.py:1516:file does not exist /Users/pm286/workspace/amilib/test/resources/ar6/wg3/edited_toplevel.html
ERROR ami_args.py:262:Captured argparse error:
<<usage: pytest [-h] --value VALUE --operation
              {annotate,counts,index,no_input_styles}
pytest: error: the following arguments are required: --operation
>>
ERROR ami_args.py:262:Captured argparse error:
<<usage: pytest [-h] --value VALUE --operation
              {annotate,counts,index,no_input_styles}
pytest: error: argument --value: invalid int value: 'foo'
>>
ERROR ami_args.py:262:Captured argparse error:
<<usage: pytest [-h] --value VALUE --operation
              {annotate,counts,index,no_input_styles}
pytest: error: argument --operation: invalid choice: 'search' (choose from 'annotate', 'counts', 'index', 'no_input_styles')
>>
ERROR test_pdf.py:128:this is testing logger ERROR
ERROR ami_html.py:1460:not a full html element
ERROR ami_html.py:1460:not a full html element
ERROR ami_html.py:1431:cannot create <head> on html elem; not written
ERROR ami_html.py:1431:cannot create <head> on html elem; not written
ERROR ami_html.py:1460:not a full html element
ERROR ami_html.py:1460:not a full html element
ERROR ami_html.py:1431:cannot create <head> on html elem; not written
ERROR ami_html.py:1431:cannot create <head> on html elem; not written
ERROR file_lib.py:713:Failed to connect to database: 'my_db'
Traceback (most recent call last):
  File "/Users/pm286/workspace/amilib/test/test_util.py", line 329, in test_logger
    raise Exception("Failed to connect to database: 'my_db'")
Exception: Failed to connect to database: 'my_db'
ERROR file_lib.py:713:Failed to connect to database: 'my_db'
Traceback (most recent call last):
  File "/Users/pm286/workspace/amilib/test/test_util.py", line 329, in test_logger
    raise Exception("Failed to connect to database: 'my_db'")
Exception: Failed to connect to database: 'my_db'
ERROR wikimedia.py:2032:bread type <class 'str'>
ERROR wikimedia.py:2032:curlicue type <class 'str'>
ERROR wikimedia.py:2032:curlicue type <class 'str'>
ERROR wikimedia.py:2032:bread type <class 'str'>
ERROR wikimedia.py:2067:no pos_div for POS.NOUN
ERROR wikimedia.py:2067:no pos_div for POS.ADJ
ERROR wikimedia.py:2067:no pos_div for POS.PREP
ERROR wikimedia.py:2067:no pos_div for POS.ADV
ERROR wikimedia.py:2067:no pos_div for POS.PHRASE
ERROR wikimedia.py:2032:bread type <class 'str'>
ERROR wikimedia.py:2032:cow type <class 'str'>
ERROR wikimedia.py:2067:no pos_div for POS.NOUN
ERROR wikimedia.py:2067:no pos_div for POS.ADJ
ERROR wikimedia.py:2067:no pos_div for POS.VERB
ERROR wikimedia.py:2067:no pos_div for POS.PREP
ERROR wikimedia.py:2067:no pos_div for POS.ADV
ERROR wikimedia.py:2067:no pos_div for POS.PHRASE
ERROR wikimedia.py:2032:cow type <class 'str'>
ERROR wikimedia.py:2032:hurricane type <class 'str'>
ERROR wikimedia.py:2067:no pos_div for POS.ADJ
ERROR wikimedia.py:2067:no pos_div for POS.VERB
ERROR wikimedia.py:2067:no pos_div for POS.PREP
ERROR wikimedia.py:2067:no pos_div for POS.ADV
ERROR wikimedia.py:2067:no pos_div for POS.PHRASE
ERROR wikimedia.py:2032:hurricane type <class 'str'>
ERROR wikimedia.py:2032:parijat type <class 'str'>
ERROR wikimedia.py:2067:no pos_div for POS.ADJ
ERROR wikimedia.py:2067:no pos_div for POS.VERB
ERROR wikimedia.py:2067:no pos_div for POS.PREP
ERROR wikimedia.py:2067:no pos_div for POS.ADV
ERROR wikimedia.py:2067:no pos_div for POS.PHRASE
ERROR wikimedia.py:2032:parijat type <class 'str'>
ERROR wikimedia.py:2032:lemon verbena type <class 'str'>
ERROR wikimedia.py:2067:no pos_div for POS.ADJ
ERROR wikimedia.py:2067:no pos_div for POS.VERB
ERROR wikimedia.py:2067:no pos_div for POS.PREP
ERROR wikimedia.py:2067:no pos_div for POS.ADV
ERROR wikimedia.py:2067:no pos_div for POS.PHRASE
ERROR wikimedia.py:2032:lemon verbena type <class 'str'>
ERROR wikimedia.py:2032:curlicue type <class 'str'>
ERROR ami_corpus.py:119:Container has no file
ERROR ami_corpus.py:107:self.infiles is None
ERROR ami_corpus.py:119:Container has no file
ERROR ami_corpus.py:107:self.infiles is None
ERROR ami_corpus.py:107:self.infiles is None
ERROR ami_corpus.py:107:self.infiles is None
ERROR test_bib.py:376:Exec Not implemented
ERROR test_bib.py:379:FAQ Not implemented
ERROR test_bib.py:382:Ref Not implemented
ERROR ami_corpus.py:107:self.infiles is None
ERROR ami_corpus.py:107:self.infiles is None
ERROR test_bib.py:1577:cannot parse /Users/pm286/workspace/amilib/test/resources/jats/amoc/PMC11441558/fulltext.xml; error Document is empty, line 1, column 1 (fulltext.xml, line 1)
ERROR test_bib.py:1577:cannot parse /Users/pm286/workspace/amilib/test/resources/jats/amoc/PMC10853552/fulltext.xml; error Space required after 'PUBLIC', line 1, column 25 (fulltext.xml, line 1)
ERROR ami_corpus.py:119:Container has no file
ERROR ami_corpus.py:107:self.infiles is None
ERROR ami_corpus.py:119:Container has no file
ERROR ami_corpus.py:107:self.infiles is None
ERROR ami_corpus.py:107:self.infiles is None
ERROR ami_corpus.py:107:self.infiles is None
ERROR test_bib.py:376:Exec Not implemented
ERROR test_bib.py:379:FAQ Not implemented
ERROR test_bib.py:382:Ref Not implemented
ERROR ami_corpus.py:107:self.infiles is None
ERROR ami_corpus.py:107:self.infiles is None
ERROR test_bib.py:1577:cannot parse /Users/pm286/workspace/amilib/test/resources/jats/amoc/PMC11441558/fulltext.xml; error Document is empty, line 1, column 1 (fulltext.xml, line 1)
ERROR test_bib.py:1577:cannot parse /Users/pm286/workspace/amilib/test/resources/jats/amoc/PMC10853552/fulltext.xml; error Space required after 'PUBLIC', line 1, column 25 (fulltext.xml, line 1)
ERROR dict_args.py:414:vallidate_dict requires existing dictionary; no validation
ERROR dict_args.py:414:vallidate_dict requires existing dictionary; no validation
ERROR test_dict.py:1756:no title given for dictionary
ERROR test_dict.py:1907:404 cannot find https://api.github.com/repos/petermr/amilib/tree/pmr_aug/test/chapter11
ERROR ami_html.py:1516:file does not exist /Users/pm286/workspace/amilib/test/resources/ar6/wg2/stripped_toplevel.html
ERROR ami_html.py:1516:file does not exist /Users/pm286/workspace/amilib/test/resources/ar6/wg2/stripped_toplevel.html
ERROR ami_html.py:1516:file does not exist /Users/pm286/workspace/amilib/test/resources/ar6/wg3/stripped_toplevel.html
ERROR ami_html.py:1516:file does not exist /Users/pm286/workspace/amilib/test/resources/ar6/wg3/stripped_toplevel.html
ERROR ami_html.py:1516:file does not exist /Users/pm286/workspace/amilib/temp/ipcc/wg1/stripped_toplevel.html
ERROR ami_html.py:1516:file does not exist /Users/pm286/workspace/amilib/temp/ipcc/wg1/stripped_toplevel.html
ERROR ami_html.py:1516:file does not exist /Users/pm286/workspace/amilib/temp/ipcc/wg2/stripped_toplevel.html
ERROR ami_html.py:1516:file does not exist /Users/pm286/workspace/amilib/temp/ipcc/wg2/stripped_toplevel.html
ERROR ami_html.py:1516:file does not exist /Users/pm286/workspace/amilib/temp/ipcc/wg3/stripped_toplevel.html
ERROR ami_html.py:1516:file does not exist /Users/pm286/workspace/amilib/temp/ipcc/wg3/stripped_toplevel.html
ERROR ami_html.py:1516:file does not exist /Users/pm286/workspace/amilib/test/resources/ar6/wg2/edited_toplevel.html
ERROR ami_html.py:1516:file does not exist /Users/pm286/workspace/amilib/test/resources/ar6/wg2/edited_toplevel.html
ERROR ami_html.py:1516:file does not exist /Users/pm286/workspace/amilib/test/resources/ar6/wg3/edited_toplevel.html
ERROR ami_html.py:1516:file does not exist /Users/pm286/workspace/amilib/test/resources/ar6/wg3/edited_toplevel.html
ERROR ami_args.py:262:Captured argparse error:
<<usage: pytest [-h] --value VALUE --operation
              {annotate,counts,index,no_input_styles}
pytest: error: the following arguments are required: --operation
>>
ERROR ami_args.py:262:Captured argparse error:
<<usage: pytest [-h] --value VALUE --operation
              {annotate,counts,index,no_input_styles}
pytest: error: argument --value: invalid int value: 'foo'
>>
ERROR ami_args.py:262:Captured argparse error:
<<usage: pytest [-h] --value VALUE --operation
              {annotate,counts,index,no_input_styles}
pytest: error: argument --operation: invalid choice: 'search' (choose from 'annotate', 'counts', 'index', 'no_input_styles')
>>
ERROR test_pdf.py:128:this is testing logger ERROR
ERROR ami_html.py:1460:not a full html element
ERROR ami_html.py:1460:not a full html element
ERROR ami_html.py:1431:cannot create <head> on html elem; not written
ERROR ami_html.py:1431:cannot create <head> on html elem; not written
ERROR ami_html.py:1460:not a full html element
ERROR ami_html.py:1460:not a full html element
ERROR ami_html.py:1431:cannot create <head> on html elem; not written
ERROR ami_html.py:1431:cannot create <head> on html elem; not written
ERROR file_lib.py:713:Failed to connect to database: 'my_db'
Traceback (most recent call last):
  File "/Users/pm286/workspace/amilib/test/test_util.py", line 329, in test_logger
    raise Exception("Failed to connect to database: 'my_db'")
Exception: Failed to connect to database: 'my_db'
ERROR file_lib.py:713:Failed to connect to database: 'my_db'
Traceback (most recent call last):
  File "/Users/pm286/workspace/amilib/test/test_util.py", line 329, in test_logger
    raise Exception("Failed to connect to database: 'my_db'")
Exception: Failed to connect to database: 'my_db'
ERROR wikimedia.py:2032:bread type <class 'str'>
ERROR wikimedia.py:2032:curlicue type <class 'str'>
ERROR wikimedia.py:2032:curlicue type <class 'str'>
ERROR wikimedia.py:2032:bread type <class 'str'>
ERROR wikimedia.py:2067:no pos_div for POS.NOUN
ERROR wikimedia.py:2067:no pos_div for POS.ADJ
ERROR wikimedia.py:2067:no pos_div for POS.PREP
ERROR wikimedia.py:2067:no pos_div for POS.ADV
ERROR wikimedia.py:2067:no pos_div for POS.PHRASE
ERROR wikimedia.py:2032:bread type <class 'str'>
ERROR wikimedia.py:2032:cow type <class 'str'>
ERROR wikimedia.py:2067:no pos_div for POS.NOUN
ERROR wikimedia.py:2067:no pos_div for POS.ADJ
ERROR wikimedia.py:2067:no pos_div for POS.VERB
ERROR wikimedia.py:2067:no pos_div for POS.PREP
ERROR wikimedia.py:2067:no pos_div for POS.ADV
ERROR wikimedia.py:2067:no pos_div for POS.PHRASE
ERROR wikimedia.py:2032:cow type <class 'str'>
ERROR wikimedia.py:2032:hurricane type <class 'str'>
ERROR wikimedia.py:2067:no pos_div for POS.ADJ
ERROR wikimedia.py:2067:no pos_div for POS.VERB
ERROR wikimedia.py:2067:no pos_div for POS.PREP
ERROR wikimedia.py:2067:no pos_div for POS.ADV
ERROR wikimedia.py:2067:no pos_div for POS.PHRASE
ERROR wikimedia.py:2032:hurricane type <class 'str'>
ERROR wikimedia.py:2032:parijat type <class 'str'>
ERROR wikimedia.py:2067:no pos_div for POS.ADJ
ERROR wikimedia.py:2067:no pos_div for POS.VERB
ERROR wikimedia.py:2067:no pos_div for POS.PREP
ERROR wikimedia.py:2067:no pos_div for POS.ADV
ERROR wikimedia.py:2067:no pos_div for POS.PHRASE
ERROR wikimedia.py:2032:parijat type <class 'str'>
ERROR wikimedia.py:2032:lemon verbena type <class 'str'>
ERROR wikimedia.py:2067:no pos_div for POS.ADJ
ERROR wikimedia.py:2067:no pos_div for POS.VERB
ERROR wikimedia.py:2067:no pos_div for POS.PREP
ERROR wikimedia.py:2067:no pos_div for POS.ADV
ERROR wikimedia.py:2067:no pos_div for POS.PHRASE
ERROR wikimedia.py:2032:lemon verbena type <class 'str'>
ERROR wikimedia.py:2032:curlicue type <class 'str'>
ERROR wikimedia.py:2032:bread type <class 'str'>
ERROR wikimedia.py:2032:curlicue type <class 'str'>
ERROR wikimedia.py:2032:curlicue type <class 'str'>
ERROR wikimedia.py:2032:bread type <class 'str'>
ERROR wikimedia.py:2067:no pos_div for POS.NOUN
ERROR wikimedia.py:2067:no pos_div for POS.ADJ
ERROR wikimedia.py:2067:no pos_div for POS.PREP
ERROR wikimedia.py:2067:no pos_div for POS.ADV
ERROR wikimedia.py:2067:no pos_div for POS.PHRASE
ERROR wikimedia.py:2032:bread type <class 'str'>
ERROR wikimedia.py:2032:cow type <class 'str'>
ERROR wikimedia.py:2067:no pos_div for POS.NOUN
ERROR wikimedia.py:2067:no pos_div for POS.ADJ
ERROR wikimedia.py:2067:no pos_div for POS.VERB
ERROR wikimedia.py:2067:no pos_div for POS.PREP
ERROR wikimedia.py:2067:no pos_div for POS.ADV
ERROR wikimedia.py:2067:no pos_div for POS.PHRASE
ERROR wikimedia.py:2032:cow type <class 'str'>
ERROR wikimedia.py:2032:hurricane type <class 'str'>
ERROR wikimedia.py:2067:no pos_div for POS.ADJ
ERROR wikimedia.py:2067:no pos_div for POS.VERB
ERROR wikimedia.py:2067:no pos_div for POS.PREP
ERROR wikimedia.py:2067:no pos_div for POS.ADV
ERROR wikimedia.py:2067:no pos_div for POS.PHRASE
ERROR wikimedia.py:2032:hurricane type <class 'str'>
ERROR wikimedia.py:2032:parijat type <class 'str'>
ERROR wikimedia.py:2067:no pos_div for POS.ADJ
ERROR wikimedia.py:2067:no pos_div for POS.VERB
ERROR wikimedia.py:2067:no pos_div for POS.PREP
ERROR wikimedia.py:2067:no pos_div for POS.ADV
ERROR wikimedia.py:2067:no pos_div for POS.PHRASE
ERROR wikimedia.py:2032:parijat type <class 'str'>
ERROR wikimedia.py:2032:lemon verbena type <class 'str'>
ERROR wikimedia.py:2067:no pos_div for POS.ADJ
ERROR wikimedia.py:2067:no pos_div for POS.VERB
ERROR wikimedia.py:2067:no pos_div for POS.PREP
ERROR wikimedia.py:2067:no pos_div for POS.ADV
ERROR wikimedia.py:2067:no pos_div for POS.PHRASE
ERROR wikimedia.py:2032:lemon verbena type <class 'str'>
ERROR wikimedia.py:2032:curlicue type <class 'str'>
ERROR wikimedia.py:2035:bread type <class 'str'>
ERROR wikimedia.py:2035:curlicue type <class 'str'>
ERROR wikimedia.py:2035:curlicue type <class 'str'>
ERROR wikimedia.py:2035:bread type <class 'str'>
ERROR wikimedia.py:2070:no pos_div for POS.NOUN
ERROR wikimedia.py:2070:no pos_div for POS.ADJ
ERROR wikimedia.py:2070:no pos_div for POS.PREP
ERROR wikimedia.py:2070:no pos_div for POS.ADV
ERROR wikimedia.py:2070:no pos_div for POS.PHRASE
ERROR wikimedia.py:2035:bread type <class 'str'>
ERROR wikimedia.py:2035:cow type <class 'str'>
ERROR wikimedia.py:2070:no pos_div for POS.NOUN
ERROR wikimedia.py:2070:no pos_div for POS.ADJ
ERROR wikimedia.py:2070:no pos_div for POS.VERB
ERROR wikimedia.py:2070:no pos_div for POS.PREP
ERROR wikimedia.py:2070:no pos_div for POS.ADV
ERROR wikimedia.py:2070:no pos_div for POS.PHRASE
ERROR wikimedia.py:2035:cow type <class 'str'>
ERROR wikimedia.py:2035:hurricane type <class 'str'>
ERROR wikimedia.py:2070:no pos_div for POS.ADJ
ERROR wikimedia.py:2070:no pos_div for POS.VERB
ERROR wikimedia.py:2070:no pos_div for POS.PREP
ERROR wikimedia.py:2070:no pos_div for POS.ADV
ERROR wikimedia.py:2070:no pos_div for POS.PHRASE
ERROR wikimedia.py:2035:hurricane type <class 'str'>
ERROR wikimedia.py:2035:parijat type <class 'str'>
ERROR wikimedia.py:2070:no pos_div for POS.ADJ
ERROR wikimedia.py:2070:no pos_div for POS.VERB
ERROR wikimedia.py:2070:no pos_div for POS.PREP
ERROR wikimedia.py:2070:no pos_div for POS.ADV
ERROR wikimedia.py:2070:no pos_div for POS.PHRASE
ERROR wikimedia.py:2035:parijat type <class 'str'>
ERROR wikimedia.py:2035:lemon verbena type <class 'str'>
ERROR wikimedia.py:2070:no pos_div for POS.ADJ
ERROR wikimedia.py:2070:no pos_div for POS.VERB
ERROR wikimedia.py:2070:no pos_div for POS.PREP
ERROR wikimedia.py:2070:no pos_div for POS.ADV
ERROR wikimedia.py:2070:no pos_div for POS.PHRASE
ERROR wikimedia.py:2035:lemon verbena type <class 'str'>
ERROR wikimedia.py:2035:curlicue type <class 'str'>
ERROR wikimedia.py:2035:bread type <class 'str'>
ERROR wikimedia.py:2035:curlicue type <class 'str'>
ERROR wikimedia.py:2035:curlicue type <class 'str'>
ERROR wikimedia.py:2035:bread type <class 'str'>
ERROR wikimedia.py:2070:no pos_div for POS.NOUN
ERROR wikimedia.py:2070:no pos_div for POS.ADJ
ERROR wikimedia.py:2070:no pos_div for POS.PREP
ERROR wikimedia.py:2070:no pos_div for POS.ADV
ERROR wikimedia.py:2070:no pos_div for POS.PHRASE
ERROR wikimedia.py:2035:bread type <class 'str'>
ERROR wikimedia.py:2035:cow type <class 'str'>
ERROR wikimedia.py:2070:no pos_div for POS.NOUN
ERROR wikimedia.py:2070:no pos_div for POS.ADJ
ERROR wikimedia.py:2070:no pos_div for POS.VERB
ERROR wikimedia.py:2070:no pos_div for POS.PREP
ERROR wikimedia.py:2070:no pos_div for POS.ADV
ERROR wikimedia.py:2070:no pos_div for POS.PHRASE
ERROR wikimedia.py:2035:cow type <class 'str'>
ERROR wikimedia.py:2035:hurricane type <class 'str'>
ERROR wikimedia.py:2070:no pos_div for POS.ADJ
ERROR wikimedia.py:2070:no pos_div for POS.VERB
ERROR wikimedia.py:2070:no pos_div for POS.PREP
ERROR wikimedia.py:2070:no pos_div for POS.ADV
ERROR wikimedia.py:2070:no pos_div for POS.PHRASE
ERROR wikimedia.py:2035:hurricane type <class 'str'>
ERROR wikimedia.py:2035:parijat type <class 'str'>
ERROR wikimedia.py:2070:no pos_div for POS.ADJ
ERROR wikimedia.py:2070:no pos_div for POS.VERB
ERROR wikimedia.py:2070:no pos_div for POS.PREP
ERROR wikimedia.py:2070:no pos_div for POS.ADV
ERROR wikimedia.py:2070:no pos_div for POS.PHRASE
ERROR wikimedia.py:2035:parijat type <class 'str'>
ERROR wikimedia.py:2035:lemon verbena type <class 'str'>
ERROR wikimedia.py:2070:no pos_div for POS.ADJ
ERROR wikimedia.py:2070:no pos_div for POS.VERB
ERROR wikimedia.py:2070:no pos_div for POS.PREP
ERROR wikimedia.py:2070:no pos_div for POS.ADV
ERROR wikimedia.py:2070:no pos_div for POS.PHRASE
ERROR wikimedia.py:2035:lemon verbena type <class 'str'>
ERROR wikimedia.py:2035:curlicue type <class 'str'>
ERROR wikimedia.py:2035:bread type <class 'str'>
ERROR wikimedia.py:2035:curlicue type <class 'str'>
ERROR wikimedia.py:2035:curlicue type <class 'str'>
ERROR wikimedia.py:2035:bread type <class 'str'>
ERROR wikimedia.py:2070:no pos_div for POS.NOUN
ERROR wikimedia.py:2070:no pos_div for POS.ADJ
ERROR wikimedia.py:2070:no pos_div for POS.PREP
ERROR wikimedia.py:2070:no pos_div for POS.ADV
ERROR wikimedia.py:2070:no pos_div for POS.PHRASE
ERROR wikimedia.py:2035:bread type <class 'str'>
ERROR wikimedia.py:2035:cow type <class 'str'>
ERROR wikimedia.py:2070:no pos_div for POS.NOUN
ERROR wikimedia.py:2070:no pos_div for POS.ADJ
ERROR wikimedia.py:2070:no pos_div for POS.VERB
ERROR wikimedia.py:2070:no pos_div for POS.PREP
ERROR wikimedia.py:2070:no pos_div for POS.ADV
ERROR wikimedia.py:2070:no pos_div for POS.PHRASE
ERROR wikimedia.py:2035:cow type <class 'str'>
ERROR wikimedia.py:2035:hurricane type <class 'str'>
ERROR wikimedia.py:2070:no pos_div for POS.ADJ
ERROR wikimedia.py:2070:no pos_div for POS.VERB
ERROR wikimedia.py:2070:no pos_div for POS.PREP
ERROR wikimedia.py:2070:no pos_div for POS.ADV
ERROR wikimedia.py:2070:no pos_div for POS.PHRASE
ERROR wikimedia.py:2035:hurricane type <class 'str'>
ERROR wikimedia.py:2035:parijat type <class 'str'>
ERROR wikimedia.py:2070:no pos_div for POS.ADJ
ERROR wikimedia.py:2070:no pos_div for POS.VERB
ERROR wikimedia.py:2070:no pos_div for POS.PREP
ERROR wikimedia.py:2070:no pos_div for POS.ADV
ERROR wikimedia.py:2070:no pos_div for POS.PHRASE
ERROR wikimedia.py:2035:parijat type <class 'str'>
ERROR wikimedia.py:2035:lemon verbena type <class 'str'>
ERROR wikimedia.py:2070:no pos_div for POS.ADJ
ERROR wikimedia.py:2070:no pos_div for POS.VERB
ERROR wikimedia.py:2070:no pos_div for POS.PREP
ERROR wikimedia.py:2070:no pos_div for POS.ADV
ERROR wikimedia.py:2070:no pos_div for POS.PHRASE
ERROR wikimedia.py:2035:lemon verbena type <class 'str'>
ERROR wikimedia.py:2035:curlicue type <class 'str'>
